<?xml version="1.0" encoding="UTF-8"?>
<!-- Generated by org.testng.reporters.JUnitReportReporter -->
<testsuite skipped="1" hostname="LT-Rishi" name="org.nuvepro.container.chrome.nodes.ChromeNode1" tests="2" failures="0" timestamp="21 Jun 2021 09:35:34 GMT" time="96.575" errors="0">
  <testcase name="chromeNode1_CheckURLs" time="96.575" classname="org.nuvepro.container.chrome.nodes.ChromeNode1"/>
  <testcase name="chromeNode1_BaseURL" classname="org.nuvepro.container.chrome.nodes.ChromeNode1">
    <skipped/>
  </testcase> <!-- chromeNode1_BaseURL -->
</testsuite> <!-- org.nuvepro.container.chrome.nodes.ChromeNode1 -->
