<?xml version="1.0" encoding="UTF-8"?>
<!-- Generated by org.testng.reporters.JUnitReportReporter -->
<testsuite skipped="0" hostname="LT-Rishi" name="org.nuvepro.container.chrome.nodes.ChromeNode1" tests="1" failures="0" timestamp="21 Jun 2021 05:23:32 GMT" time="103.060" errors="0">
  <testcase name="chromeNode1" time="103.060" classname="org.nuvepro.container.chrome.nodes.ChromeNode1"/>
</testsuite> <!-- org.nuvepro.container.chrome.nodes.ChromeNode1 -->
