<?xml version="1.0" encoding="UTF-8"?>
<!-- Generated by org.testng.reporters.JUnitReportReporter -->
<testsuite skipped="0" hostname="LT-Rishi" name="org.nuvepro.container.chrome.nodes.ChromeNode1" tests="1" failures="0" timestamp="20 Jun 2021 12:52:55 GMT" time="26.037" errors="0">
  <testcase name="chromeNode1" time="26.037" classname="org.nuvepro.container.chrome.nodes.ChromeNode1"/>
</testsuite> <!-- org.nuvepro.container.chrome.nodes.ChromeNode1 -->
